c:\users\dirk\deviation\deviation_pi\buildwin\deviation_pi.dir\debug\vc120.pdb
c:\users\dirk\deviation\deviation_pi\buildwin\deviation_pi.dir\debug\hdg.obj
c:\users\dirk\deviation\deviation_pi\buildwin\deviation_pi.dir\debug\hdt.obj
c:\users\dirk\deviation\deviation_pi\buildwin\deviation_pi.dir\debug\expid.obj
c:\users\dirk\deviation\deviation_pi\buildwin\deviation_pi.dir\debug\lat.obj
c:\users\dirk\deviation\deviation_pi\buildwin\deviation_pi.dir\debug\hexvalue.obj
c:\users\dirk\deviation\deviation_pi\buildwin\deviation_pi.dir\debug\talkerid.obj
c:\users\dirk\deviation\deviation_pi\buildwin\deviation_pi.dir\debug\sentence.obj
c:\users\dirk\deviation\deviation_pi\buildwin\deviation_pi.dir\debug\response.obj
c:\users\dirk\deviation\deviation_pi\buildwin\deviation_pi.dir\debug\nmea0183.obj
c:\users\dirk\deviation\deviation_pi\buildwin\deviation_pi.dir\debug\long.obj
c:\users\dirk\deviation\deviation_pi\buildwin\deviation_pi.dir\debug\latlong.obj
c:\users\dirk\deviation\deviation_pi\buildwin\deviation_pi.dir\debug\icons.obj
c:\users\dirk\deviation\deviation_pi\buildwin\deviation_pi.dir\debug\bearingdlg.obj
c:\users\dirk\deviation\deviation_pi\buildwin\deviation_pi.dir\debug\printing.obj
c:\users\dirk\deviation\deviation_pi\buildwin\deviation_pi.dir\debug\compass.obj
c:\users\dirk\deviation\deviation_pi\buildwin\deviation_pi.dir\debug\preferencedlg.obj
c:\users\dirk\deviation\deviation_pi\buildwin\deviation_pi.dir\debug\readwritexml.obj
c:\users\dirk\deviation\deviation_pi\buildwin\deviation_pi.dir\debug\sharedstuff.obj
c:\users\dirk\deviation\deviation_pi\buildwin\deviation_pi.dir\debug\spa.obj
c:\users\dirk\deviation\deviation_pi\buildwin\deviation_pi.dir\debug\deviation_pi.obj
c:\users\dirk\deviation\deviation_pi\buildwin\deviation_pi.dir\debug\tinyxmlerror.obj
c:\users\dirk\deviation\deviation_pi\buildwin\deviation_pi.dir\debug\tinyxmlparser.obj
c:\users\dirk\deviation\deviation_pi\buildwin\deviation_pi.dir\debug\tinyxml.obj
c:\users\dirk\deviation\deviation_pi\buildwin\deviation_pi.dir\debug\jsonwriter.obj
c:\users\dirk\deviation\deviation_pi\buildwin\deviation_pi.dir\debug\jsonval.obj
c:\users\dirk\deviation\deviation_pi\buildwin\deviation_pi.dir\debug\jsonreader.obj
c:\users\dirk\deviation\deviation_pi\buildwin\deviation_pi.dir\debug\gga.obj
c:\users\dirk\deviation\deviation_pi\buildwin\deviation_pi.dir\debug\gll.obj
c:\users\dirk\deviation\deviation_pi\buildwin\deviation_pi.dir\debug\hdm.obj
c:\users\dirk\deviation\deviation_pi\buildwin\cmakefiles\generate.stamp
c:\users\dirk\deviation\deviation_pi\buildwin\debug\deviation_pi.pdb
c:\users\dirk\deviation\deviation_pi\buildwin\deviation_pi.dir\debug\deviation_pi.tlog\cl.command.1.tlog
c:\users\dirk\deviation\deviation_pi\buildwin\deviation_pi.dir\debug\deviation_pi.tlog\cl.read.1.tlog
c:\users\dirk\deviation\deviation_pi\buildwin\deviation_pi.dir\debug\deviation_pi.tlog\cl.write.1.tlog
c:\users\dirk\deviation\deviation_pi\buildwin\deviation_pi.dir\debug\deviation_pi.tlog\custombuild.command.1.tlog
c:\users\dirk\deviation\deviation_pi\buildwin\deviation_pi.dir\debug\deviation_pi.tlog\custombuild.read.1.tlog
c:\users\dirk\deviation\deviation_pi\buildwin\deviation_pi.dir\debug\deviation_pi.tlog\custombuild.write.1.tlog
c:\users\dirk\deviation\deviation_pi\buildwin\deviation_pi.dir\debug\deviation_pi.tlog\link-cvtres.read.1.tlog
c:\users\dirk\deviation\deviation_pi\buildwin\deviation_pi.dir\debug\deviation_pi.tlog\link-cvtres.write.1.tlog
c:\users\dirk\deviation\deviation_pi\buildwin\deviation_pi.dir\debug\deviation_pi.tlog\link-rc.read.1.tlog
c:\users\dirk\deviation\deviation_pi\buildwin\deviation_pi.dir\debug\deviation_pi.tlog\link-rc.write.1.tlog
c:\users\dirk\deviation\deviation_pi\buildwin\deviation_pi.dir\debug\deviation_pi.tlog\link.command.1.tlog
c:\users\dirk\deviation\deviation_pi\buildwin\deviation_pi.dir\debug\deviation_pi.tlog\link.read.1.tlog
c:\users\dirk\deviation\deviation_pi\buildwin\deviation_pi.dir\debug\deviation_pi.tlog\link.write.1.tlog
